<?xml version="1.0" encoding="UTF-8"?>
<testsuite xmlns:xsi="http://www.w3.org/2001/XMLSchema-instance" xsi:noNamespaceSchemaLocation="https://maven.apache.org/surefire/maven-surefire-plugin/xsd/surefire-test-report.xsd" name="DecoratorTest" time="0.011" tests="11" errors="0" skipped="0" failures="0">
  <properties>
[...]
</properties>
  <testcase name="NothingButRoastedPeppers" classname="DecoratorTest" time="0.004"/>
  <testcase name="addRoastedPepperstest" classname="DecoratorTest" time="0"/>
  <testcase name="NothingButFriedEgg" classname="DecoratorTest" time="0.001"/>
  <testcase name="NothingButBacon" classname="DecoratorTest" time="0"/>
  <testcase name="NothingButBasic" classname="DecoratorTest" time="0"/>
  <testcase name="NothingButAvocado" classname="DecoratorTest" time="0.001"/>
  <testcase name="NothingButGrilledOnions" classname="DecoratorTest" time="0"/>
  <testcase name="addGrilledOnionstest" classname="DecoratorTest" time="0"/>
  <testcase name="addFriedEggtest" classname="DecoratorTest" time="0"/>
  <testcase name="addBacontest" classname="DecoratorTest" time="0.001"/>
  <testcase name="addAvocadotest" classname="DecoratorTest" time="0"/>
</testsuite>